<?xml version="1.0" encoding="UTF-8"?>
<!-- Generated by org.testng.reporters.JUnitReportReporter -->
<testsuite hostname="PSchandi-Surface" failures="0" tests="1" name="testCases.T003_SignupUITest" time="3.774" errors="0" timestamp="2025-05-23T16:57:50 MST" skipped="0">
  <testcase classname="testCases.T003_SignupUITest" name="verifySignupPageUI" time="3.774"/>
  <system-out>
    <![CDATA[Login failed - Invalid password
Login failed - Invalid Email]]>
  </system-out>
</testsuite> <!-- testCases.T003_SignupUITest -->
