<?xml version="1.0" encoding="UTF-8"?>
<!-- Generated by org.testng.reporters.JUnitReportReporter -->
<testsuite hostname="PSchandi-Surface" failures="0" tests="6" name="testCases.T001_LoginTest" time="39.176" errors="0" timestamp="2025-05-23T13:01:50 MST" skipped="0">
  <testcase classname="testCases.T001_LoginTest" name="verifyLogin1" time="1.531"/>
  <testcase classname="testCases.T001_LoginTest" name="verifyLogin3" time="0.037"/>
  <testcase classname="testCases.T001_LoginTest" name="verifyLogin3" time="3.713"/>
  <testcase classname="testCases.T001_LoginTest" name="verifyLogin2" time="16.850"/>
  <testcase classname="testCases.T001_LoginTest" name="verifyLogin1" time="13.235"/>
  <testcase classname="testCases.T001_LoginTest" name="verifyLogin2" time="3.810"/>
</testsuite> <!-- testCases.T001_LoginTest -->
