<?xml version="1.0" encoding="UTF-8"?>
<!-- Generated by org.testng.reporters.JUnitReportReporter -->
<testsuite hostname="PSchandi-Surface" failures="0" tests="6" name="testCases.T004_ReadDataTest" time="0.013" errors="0" timestamp="2025-05-23T11:22:03 MST" skipped="0">
  <testcase classname="testCases.T004_ReadDataTest" name="readDataProvider2" time="0.001"/>
  <testcase classname="testCases.T004_ReadDataTest" name="readDataProvider1" time="0.000">
    <system-out>
      <![CDATA[insede T004]]>
    </system-out>
  </testcase> <!-- readDataProvider1 -->
  <testcase classname="testCases.T004_ReadDataTest" name="readDataProvider2" time="0.000"/>
  <testcase classname="testCases.T004_ReadDataTest" name="readDataProvider1" time="0.003">
    <system-out>
      <![CDATA[insede T004]]>
    </system-out>
  </testcase> <!-- readDataProvider1 -->
  <testcase classname="testCases.T004_ReadDataTest" name="readDataProvider2" time="0.007"/>
  <testcase classname="testCases.T004_ReadDataTest" name="readDataProvider2" time="0.002"/>
  <system-out>
    <![CDATA[insede T004
insede T004]]>
  </system-out>
</testsuite> <!-- testCases.T004_ReadDataTest -->
